Determining if the Q_WS_WIN exist failed with the following output:
Change Dir: /home/user/Logger1/src/CMakeFiles/CMakeTmp

Run Build Command:"/usr/bin/make" "cmTC_78a3a/fast"
/usr/bin/make -f CMakeFiles/cmTC_78a3a.dir/build.make CMakeFiles/cmTC_78a3a.dir/build
make[1]: Entering directory '/home/user/Logger1/src/CMakeFiles/CMakeTmp'
Building CXX object CMakeFiles/cmTC_78a3a.dir/CheckSymbolExists.cxx.o
/usr/bin/c++    -I/usr/include/qt4   -o CMakeFiles/cmTC_78a3a.dir/CheckSymbolExists.cxx.o -c /home/user/Logger1/src/CMakeFiles/CMakeTmp/CheckSymbolExists.cxx
/home/user/Logger1/src/CMakeFiles/CMakeTmp/CheckSymbolExists.cxx: In function ‘int main(int, char**)’:
/home/user/Logger1/src/CMakeFiles/CMakeTmp/CheckSymbolExists.cxx:8:19: error: ‘Q_WS_WIN’ was not declared in this scope
   return ((int*)(&Q_WS_WIN))[argc];
                   ^
CMakeFiles/cmTC_78a3a.dir/build.make:65: recipe for target 'CMakeFiles/cmTC_78a3a.dir/CheckSymbolExists.cxx.o' failed
make[1]: *** [CMakeFiles/cmTC_78a3a.dir/CheckSymbolExists.cxx.o] Error 1
make[1]: Leaving directory '/home/user/Logger1/src/CMakeFiles/CMakeTmp'
Makefile:126: recipe for target 'cmTC_78a3a/fast' failed
make: *** [cmTC_78a3a/fast] Error 2

File /home/user/Logger1/src/CMakeFiles/CMakeTmp/CheckSymbolExists.cxx:
/* */
#include <QtCore/qglobal.h>

int main(int argc, char** argv)
{
  (void)argv;
#ifndef Q_WS_WIN
  return ((int*)(&Q_WS_WIN))[argc];
#else
  (void)argc;
  return 0;
#endif
}

Determining if the Q_WS_QWS exist failed with the following output:
Change Dir: /home/user/Logger1/src/CMakeFiles/CMakeTmp

Run Build Command:"/usr/bin/make" "cmTC_ccff6/fast"
/usr/bin/make -f CMakeFiles/cmTC_ccff6.dir/build.make CMakeFiles/cmTC_ccff6.dir/build
make[1]: Entering directory '/home/user/Logger1/src/CMakeFiles/CMakeTmp'
Building CXX object CMakeFiles/cmTC_ccff6.dir/CheckSymbolExists.cxx.o
/usr/bin/c++    -I/usr/include/qt4   -o CMakeFiles/cmTC_ccff6.dir/CheckSymbolExists.cxx.o -c /home/user/Logger1/src/CMakeFiles/CMakeTmp/CheckSymbolExists.cxx
/home/user/Logger1/src/CMakeFiles/CMakeTmp/CheckSymbolExists.cxx: In function ‘int main(int, char**)’:
/home/user/Logger1/src/CMakeFiles/CMakeTmp/CheckSymbolExists.cxx:8:19: error: ‘Q_WS_QWS’ was not declared in this scope
   return ((int*)(&Q_WS_QWS))[argc];
                   ^
CMakeFiles/cmTC_ccff6.dir/build.make:65: recipe for target 'CMakeFiles/cmTC_ccff6.dir/CheckSymbolExists.cxx.o' failed
make[1]: *** [CMakeFiles/cmTC_ccff6.dir/CheckSymbolExists.cxx.o] Error 1
make[1]: Leaving directory '/home/user/Logger1/src/CMakeFiles/CMakeTmp'
Makefile:126: recipe for target 'cmTC_ccff6/fast' failed
make: *** [cmTC_ccff6/fast] Error 2

File /home/user/Logger1/src/CMakeFiles/CMakeTmp/CheckSymbolExists.cxx:
/* */
#include <QtCore/qglobal.h>

int main(int argc, char** argv)
{
  (void)argv;
#ifndef Q_WS_QWS
  return ((int*)(&Q_WS_QWS))[argc];
#else
  (void)argc;
  return 0;
#endif
}

Determining if the Q_WS_MAC exist failed with the following output:
Change Dir: /home/user/Logger1/src/CMakeFiles/CMakeTmp

Run Build Command:"/usr/bin/make" "cmTC_c74ef/fast"
/usr/bin/make -f CMakeFiles/cmTC_c74ef.dir/build.make CMakeFiles/cmTC_c74ef.dir/build
make[1]: Entering directory '/home/user/Logger1/src/CMakeFiles/CMakeTmp'
Building CXX object CMakeFiles/cmTC_c74ef.dir/CheckSymbolExists.cxx.o
/usr/bin/c++    -I/usr/include/qt4   -o CMakeFiles/cmTC_c74ef.dir/CheckSymbolExists.cxx.o -c /home/user/Logger1/src/CMakeFiles/CMakeTmp/CheckSymbolExists.cxx
/home/user/Logger1/src/CMakeFiles/CMakeTmp/CheckSymbolExists.cxx: In function ‘int main(int, char**)’:
/home/user/Logger1/src/CMakeFiles/CMakeTmp/CheckSymbolExists.cxx:8:19: error: ‘Q_WS_MAC’ was not declared in this scope
   return ((int*)(&Q_WS_MAC))[argc];
                   ^
CMakeFiles/cmTC_c74ef.dir/build.make:65: recipe for target 'CMakeFiles/cmTC_c74ef.dir/CheckSymbolExists.cxx.o' failed
make[1]: *** [CMakeFiles/cmTC_c74ef.dir/CheckSymbolExists.cxx.o] Error 1
make[1]: Leaving directory '/home/user/Logger1/src/CMakeFiles/CMakeTmp'
Makefile:126: recipe for target 'cmTC_c74ef/fast' failed
make: *** [cmTC_c74ef/fast] Error 2

File /home/user/Logger1/src/CMakeFiles/CMakeTmp/CheckSymbolExists.cxx:
/* */
#include <QtCore/qglobal.h>

int main(int argc, char** argv)
{
  (void)argv;
#ifndef Q_WS_MAC
  return ((int*)(&Q_WS_MAC))[argc];
#else
  (void)argc;
  return 0;
#endif
}

Determining if the pthread_create exist failed with the following output:
Change Dir: /home/user/Logger1/src/CMakeFiles/CMakeTmp

Run Build Command:"/usr/bin/make" "cmTC_e1b3d/fast"
/usr/bin/make -f CMakeFiles/cmTC_e1b3d.dir/build.make CMakeFiles/cmTC_e1b3d.dir/build
make[1]: Entering directory '/home/user/Logger1/src/CMakeFiles/CMakeTmp'
Building C object CMakeFiles/cmTC_e1b3d.dir/CheckSymbolExists.c.o
/usr/bin/cc     -o CMakeFiles/cmTC_e1b3d.dir/CheckSymbolExists.c.o   -c /home/user/Logger1/src/CMakeFiles/CMakeTmp/CheckSymbolExists.c
Linking C executable cmTC_e1b3d
/usr/bin/cmake -E cmake_link_script CMakeFiles/cmTC_e1b3d.dir/link.txt --verbose=1
/usr/bin/cc       CMakeFiles/cmTC_e1b3d.dir/CheckSymbolExists.c.o  -o cmTC_e1b3d -rdynamic 
CMakeFiles/cmTC_e1b3d.dir/CheckSymbolExists.c.o: In function `main':
CheckSymbolExists.c:(.text+0x16): undefined reference to `pthread_create'
collect2: error: ld returned 1 exit status
CMakeFiles/cmTC_e1b3d.dir/build.make:97: recipe for target 'cmTC_e1b3d' failed
make[1]: *** [cmTC_e1b3d] Error 1
make[1]: Leaving directory '/home/user/Logger1/src/CMakeFiles/CMakeTmp'
Makefile:126: recipe for target 'cmTC_e1b3d/fast' failed
make: *** [cmTC_e1b3d/fast] Error 2

File /home/user/Logger1/src/CMakeFiles/CMakeTmp/CheckSymbolExists.c:
/* */
#include <pthread.h>

int main(int argc, char** argv)
{
  (void)argv;
#ifndef pthread_create
  return ((int*)(&pthread_create))[argc];
#else
  (void)argc;
  return 0;
#endif
}

Determining if the function pthread_create exists in the pthreads failed with the following output:
Change Dir: /home/user/Logger1/src/CMakeFiles/CMakeTmp

Run Build Command:"/usr/bin/make" "cmTC_ebede/fast"
/usr/bin/make -f CMakeFiles/cmTC_ebede.dir/build.make CMakeFiles/cmTC_ebede.dir/build
make[1]: Entering directory '/home/user/Logger1/src/CMakeFiles/CMakeTmp'
Building C object CMakeFiles/cmTC_ebede.dir/CheckFunctionExists.c.o
/usr/bin/cc    -DCHECK_FUNCTION_EXISTS=pthread_create   -o CMakeFiles/cmTC_ebede.dir/CheckFunctionExists.c.o   -c /usr/share/cmake-3.5/Modules/CheckFunctionExists.c
Linking C executable cmTC_ebede
/usr/bin/cmake -E cmake_link_script CMakeFiles/cmTC_ebede.dir/link.txt --verbose=1
/usr/bin/cc   -DCHECK_FUNCTION_EXISTS=pthread_create    CMakeFiles/cmTC_ebede.dir/CheckFunctionExists.c.o  -o cmTC_ebede -rdynamic -lpthreads 
/usr/bin/ld: cannot find -lpthreads
collect2: error: ld returned 1 exit status
CMakeFiles/cmTC_ebede.dir/build.make:97: recipe for target 'cmTC_ebede' failed
make[1]: *** [cmTC_ebede] Error 1
make[1]: Leaving directory '/home/user/Logger1/src/CMakeFiles/CMakeTmp'
Makefile:126: recipe for target 'cmTC_ebede/fast' failed
make: *** [cmTC_ebede/fast] Error 2


